<?xml version="1.0" encoding="UTF-8"?>
<!-- Generated by org.testng.reporters.JUnitXMLReporter -->
<testsuite ignored="2" hostname="INLSW88V5A" failures="0" tests="6" name="Test" time="111.912" errors="0" timestamp="2024-09-24T13:09:13 IST">
  <testcase classname="com.appiumdemo.WestGate" name="launchingApp" time="36.046"/>
  <testcase classname="com.appiumdemo.WestGate" name="playerLogin" time="5.087"/>
  <testcase classname="com.appiumdemo.WestGate" name="StraightBetConfig" time="19.901"/>
  <testcase classname="com.appiumdemo.WestGate" name="ParlayBetConfig" time="20.042"/>
  <testcase classname="com.appiumdemo.WestGate" name="TeaserBetConfig" time="20.081"/>
  <testcase classname="com.appiumdemo.WestGate" name="logout" time="10.703"/>
  <testcase classname="com.appiumdemo.WestGate" name="placingBet" time="0.0">
    <ignored/>
  </testcase> <!-- placingBet -->
  <testcase classname="com.appiumdemo.WestGate" name="addingOddsToBetslip" time="0.0">
    <ignored/>
  </testcase> <!-- addingOddsToBetslip -->
</testsuite> <!-- Test -->
