<?xml version="1.0" encoding="UTF-8"?>
<!-- Generated by org.testng.reporters.JUnitXMLReporter -->
<testsuite ignored="4" hostname="INLSW88V5A" failures="0" tests="3" name="PlacingTeaserBet" time="76.772" errors="0" timestamp="2024-06-13T18:40:19 IST">
  <testcase classname="com.appiumdemo.CCLMobile" name="login" time="15.129"/>
  <testcase classname="com.appiumdemo.CCLMobile" name="selectingOddsForTeaserBet" time="37.111"/>
  <testcase classname="com.appiumdemo.CCLMobile" name="logout" time="2.115"/>
  <testcase classname="com.appiumdemo.CCLMobile" name="selectingOddsForParlayBet" time="0.0">
    <ignored/>
  </testcase> <!-- selectingOddsForParlayBet -->
  <testcase classname="com.appiumdemo.CCLMobile" name="placingBet" time="0.0">
    <ignored/>
  </testcase> <!-- placingBet -->
  <testcase classname="com.appiumdemo.CCLMobile" name="addingOddsToBetslip" time="0.0">
    <ignored/>
  </testcase> <!-- addingOddsToBetslip -->
  <testcase classname="com.appiumdemo.CCLMobile" name="selectingOddsForStraightBet" time="0.0">
    <ignored/>
  </testcase> <!-- selectingOddsForStraightBet -->
</testsuite> <!-- PlacingTeaserBet -->
