<?xml version="1.0" encoding="UTF-8"?>
<!-- Generated by org.testng.reporters.JUnitXMLReporter -->
<testsuite ignored="4" hostname="INLSW88V5A" failures="1" tests="3" name="PlacingParlayBet" time="52.389" errors="0" timestamp="2024-06-13T18:39:02 IST">
  <testcase classname="com.appiumdemo.CCLMobile" name="login" time="15.445"/>
  <testcase classname="com.appiumdemo.CCLMobile" name="selectingOddsForParlayBet" time="12.938">
    <failure type="org.openqa.selenium.StaleElementReferenceException" message="stale element reference: stale element not found
  (Session info: chrome=122.0.6261.119)
For documentation on this error, please visit: https://www.selenium.dev/documentation/webdriver/troubleshooting/errors#stale-element-reference-exception
Build info: version: &amp;apos;4.13.0&amp;apos;, revision: &amp;apos;ba948ece5b*&amp;apos;
System info: os.name: &amp;apos;Windows 10&amp;apos;, os.arch: &amp;apos;amd64&amp;apos;, os.version: &amp;apos;10.0&amp;apos;, java.version: &amp;apos;17.0.6&amp;apos;
Driver info: io.appium.java_client.AppiumDriver
Command: [54076bfc-6602-48c4-9bb0-7fd78032ca18, isElementEnabled {id=f.B080DDBAF9698523E5A8FCB8EC6C7506.d.F094E5A4392E84B64B7768A290A218FE.e.2235}]
Capabilities {appium:autoAcceptAlerts: true, appium:autoGrantPermissions: true, appium:automationName: uiautomator2, appium:chromeOptions: {args: []}, appium:chromedriverExecutableDir: /appium/assets/drivers/chro..., appium:chromedriverPorts: [[11001, 11049]], appium:databaseEnabled: false, appium:desired: {appActivity: com.google.android.apps.chr..., appPackage: com.android.chrome, autoAcceptAlerts: true, autoGrantPermissions: true, automationName: uiautomator2, browserName: Chrome, chromeOptions: {args: []}, chromedriverExecutableDir: /appium/assets/drivers/chro..., chromedriverPorts: [[11001, 11049]], deviceName: OnePlus 11, headless: false, language: en, locale: en, nativeWebScreenshot: true, newCommandTimeout: 0, orientation: PORTRAIT, platformName: Android, platformVersion: 13, udid: 33147df5, waitForQuiescence: false}, appium:deviceApiLevel: 33, appium:deviceManufacturer: OnePlus, appium:deviceModel: CPH2447, appium:deviceName: 33147df5, appium:deviceScreenDensity: 480, appium:deviceScreenSize: 1080x2412, appium:deviceUDID: 33147df5, appium:headless: false, appium:javascriptEnabled: true, appium:language: en, appium:locale: en, appium:locationContextEnabled: false, appium:nativeWebScreenshot: true, appium:networkConnectionEnabled: true, appium:newCommandTimeout: 0, appium:orientation: PORTRAIT, appium:pixelRatio: 3, appium:platformVersion: 13, appium:statBarHeight: 96, appium:takesScreenshot: true, appium:udid: 33147df5, appium:viewportRect: {height: 2088, left: 0, top: 96, width: 1080}, appium:waitForQuiescence: false, appium:warnings: {}, appium:webStorageEnabled: false, browserName: Chrome, platformName: ANDROID}
Element: [[AppiumDriver: Chrome on ANDROID (54076bfc-6602-48c4-9bb0-7fd78032ca18)] -&amp;gt; xpath: //*[contains(text(), &amp;apos;Room Charge&amp;apos;)]/parent::label/preceding-sibling::label/input]
Session ID: 54076bfc-6602-48c4-9bb0-7fd78032ca18">
      <![CDATA[org.openqa.selenium.StaleElementReferenceException: stale element reference: stale element not found
  (Session info: chrome=122.0.6261.119)
For documentation on this error, please visit: https://www.selenium.dev/documentation/webdriver/troubleshooting/errors#stale-element-reference-exception
Build info: version: '4.13.0', revision: 'ba948ece5b*'
System info: os.name: 'Windows 10', os.arch: 'amd64', os.version: '10.0', java.version: '17.0.6'
Driver info: io.appium.java_client.AppiumDriver
Command: [54076bfc-6602-48c4-9bb0-7fd78032ca18, isElementEnabled {id=f.B080DDBAF9698523E5A8FCB8EC6C7506.d.F094E5A4392E84B64B7768A290A218FE.e.2235}]
Capabilities {appium:autoAcceptAlerts: true, appium:autoGrantPermissions: true, appium:automationName: uiautomator2, appium:chromeOptions: {args: []}, appium:chromedriverExecutableDir: /appium/assets/drivers/chro..., appium:chromedriverPorts: [[11001, 11049]], appium:databaseEnabled: false, appium:desired: {appActivity: com.google.android.apps.chr..., appPackage: com.android.chrome, autoAcceptAlerts: true, autoGrantPermissions: true, automationName: uiautomator2, browserName: Chrome, chromeOptions: {args: []}, chromedriverExecutableDir: /appium/assets/drivers/chro..., chromedriverPorts: [[11001, 11049]], deviceName: OnePlus 11, headless: false, language: en, locale: en, nativeWebScreenshot: true, newCommandTimeout: 0, orientation: PORTRAIT, platformName: Android, platformVersion: 13, udid: 33147df5, waitForQuiescence: false}, appium:deviceApiLevel: 33, appium:deviceManufacturer: OnePlus, appium:deviceModel: CPH2447, appium:deviceName: 33147df5, appium:deviceScreenDensity: 480, appium:deviceScreenSize: 1080x2412, appium:deviceUDID: 33147df5, appium:headless: false, appium:javascriptEnabled: true, appium:language: en, appium:locale: en, appium:locationContextEnabled: false, appium:nativeWebScreenshot: true, appium:networkConnectionEnabled: true, appium:newCommandTimeout: 0, appium:orientation: PORTRAIT, appium:pixelRatio: 3, appium:platformVersion: 13, appium:statBarHeight: 96, appium:takesScreenshot: true, appium:udid: 33147df5, appium:viewportRect: {height: 2088, left: 0, top: 96, width: 1080}, appium:waitForQuiescence: false, appium:warnings: {}, appium:webStorageEnabled: false, browserName: Chrome, platformName: ANDROID}
Element: [[AppiumDriver: Chrome on ANDROID (54076bfc-6602-48c4-9bb0-7fd78032ca18)] -> xpath: //*[contains(text(), 'Room Charge')]/parent::label/preceding-sibling::label/input]
Session ID: 54076bfc-6602-48c4-9bb0-7fd78032ca18
at org.openqa.selenium.remote.codec.w3c.W3CHttpResponseCodec.createException(W3CHttpResponseCodec.java:200)
at org.openqa.selenium.remote.codec.w3c.W3CHttpResponseCodec.decode(W3CHttpResponseCodec.java:133)
at org.openqa.selenium.remote.codec.w3c.W3CHttpResponseCodec.decode(W3CHttpResponseCodec.java:52)
at org.openqa.selenium.remote.HttpCommandExecutor.execute(HttpCommandExecutor.java:191)
at io.appium.java_client.remote.AppiumCommandExecutor.execute(AppiumCommandExecutor.java:250)
at org.openqa.selenium.remote.RemoteWebDriver.execute(RemoteWebDriver.java:602)
at org.openqa.selenium.remote.RemoteWebElement.execute(RemoteWebElement.java:224)
at org.openqa.selenium.remote.RemoteWebElement.isEnabled(RemoteWebElement.java:182)
at com.appiumdemo.CCLMobile.placingBet(CCLMobile.java:352)
at com.appiumdemo.CCLMobile.selectingOddsForParlayBet(CCLMobile.java:228)
at java.base/java.util.ArrayList.forEach(ArrayList.java:1511)
... Removed 32 stack frames]]>
    </failure>
  </testcase> <!-- selectingOddsForParlayBet -->
  <testcase classname="com.appiumdemo.CCLMobile" name="logout" time="2.117"/>
  <testcase classname="com.appiumdemo.CCLMobile" name="placingBet" time="0.0">
    <ignored/>
  </testcase> <!-- placingBet -->
  <testcase classname="com.appiumdemo.CCLMobile" name="addingOddsToBetslip" time="0.0">
    <ignored/>
  </testcase> <!-- addingOddsToBetslip -->
  <testcase classname="com.appiumdemo.CCLMobile" name="selectingOddsForTeaserBet" time="0.0">
    <ignored/>
  </testcase> <!-- selectingOddsForTeaserBet -->
  <testcase classname="com.appiumdemo.CCLMobile" name="selectingOddsForStraightBet" time="0.0">
    <ignored/>
  </testcase> <!-- selectingOddsForStraightBet -->
</testsuite> <!-- PlacingParlayBet -->
