<?xml version="1.0" encoding="UTF-8"?>
<!-- Generated by org.testng.reporters.JUnitXMLReporter -->
<testsuite ignored="0" hostname="INLSW88V5A" failures="0" tests="2" name="Test1" time="2.399" errors="0" timestamp="2024-08-29T16:38:44 IST">
  <testcase classname="com.appiumdemo.SportsAdmin" name="@BeforeTest BeforeTest" time="2.348">
    <failure type="org.openqa.selenium.SessionNotCreatedException" message="Could not start a new session. Response code 404. Message: Either tunnel is not runing or disconnected. 
Host info: host: &amp;apos;INLSW88V5A&amp;apos;, ip: &amp;apos;10.8.1.89&amp;apos;
Build info: version: &amp;apos;4.13.0&amp;apos;, revision: &amp;apos;ba948ece5b*&amp;apos;
System info: os.name: &amp;apos;Windows 10&amp;apos;, os.arch: &amp;apos;amd64&amp;apos;, os.version: &amp;apos;10.0&amp;apos;, java.version: &amp;apos;17.0.6&amp;apos;
Driver info: org.openqa.selenium.remote.RemoteWebDriver
Command: [null, newSession {capabilities=[Capabilities {LT:Options: {accessKey: ImLmORDUcmxd6Q2U7dRJfsqO8ld..., build: SportsAdmin, name: SportsAdmin, project: SportsAdminTesting, selenium_version: 4.0.0, tunnel: true, username: rushikesh.potadar, video: true, visual: true, w3c: true}, browserName: chrome, browserVersion: 127, goog:chromeOptions: {args: [], extensions: []}, platformName: Windows 10}]}]
Capabilities {LT:Options: {accessKey: ImLmORDUcmxd6Q2U7dRJfsqO8ld..., build: SportsAdmin, name: SportsAdmin, project: SportsAdminTesting, selenium_version: 4.0.0, tunnel: true, username: rushikesh.potadar, video: true, visual: true, w3c: true}, browserName: chrome, browserVersion: 127, goog:chromeOptions: {args: [], extensions: []}, platformName: Windows 10}">
      <![CDATA[org.openqa.selenium.SessionNotCreatedException: Could not start a new session. Response code 404. Message: Either tunnel is not runing or disconnected. 
Host info: host: 'INLSW88V5A', ip: '10.8.1.89'
Build info: version: '4.13.0', revision: 'ba948ece5b*'
System info: os.name: 'Windows 10', os.arch: 'amd64', os.version: '10.0', java.version: '17.0.6'
Driver info: org.openqa.selenium.remote.RemoteWebDriver
Command: [null, newSession {capabilities=[Capabilities {LT:Options: {accessKey: ImLmORDUcmxd6Q2U7dRJfsqO8ld..., build: SportsAdmin, name: SportsAdmin, project: SportsAdminTesting, selenium_version: 4.0.0, tunnel: true, username: rushikesh.potadar, video: true, visual: true, w3c: true}, browserName: chrome, browserVersion: 127, goog:chromeOptions: {args: [], extensions: []}, platformName: Windows 10}]}]
Capabilities {LT:Options: {accessKey: ImLmORDUcmxd6Q2U7dRJfsqO8ld..., build: SportsAdmin, name: SportsAdmin, project: SportsAdminTesting, selenium_version: 4.0.0, tunnel: true, username: rushikesh.potadar, video: true, visual: true, w3c: true}, browserName: chrome, browserVersion: 127, goog:chromeOptions: {args: [], extensions: []}, platformName: Windows 10}
at org.openqa.selenium.remote.ProtocolHandshake.createSession(ProtocolHandshake.java:140)
at org.openqa.selenium.remote.ProtocolHandshake.createSession(ProtocolHandshake.java:96)
at org.openqa.selenium.remote.ProtocolHandshake.createSession(ProtocolHandshake.java:68)
at org.openqa.selenium.remote.HttpCommandExecutor.execute(HttpCommandExecutor.java:163)
at org.openqa.selenium.remote.TracedCommandExecutor.execute(TracedCommandExecutor.java:51)
at org.openqa.selenium.remote.RemoteWebDriver.execute(RemoteWebDriver.java:602)
at org.openqa.selenium.remote.RemoteWebDriver.startSession(RemoteWebDriver.java:236)
at org.openqa.selenium.remote.RemoteWebDriver.<init>(RemoteWebDriver.java:163)
at org.openqa.selenium.remote.RemoteWebDriver.<init>(RemoteWebDriver.java:143)
at com.appiumdemo.SportsAdmin.BeforeTest(SportsAdmin.java:89)
... Removed 24 stack frames]]>
    </failure>
  </testcase> <!-- @BeforeTest BeforeTest -->
  <testcase classname="com.appiumdemo.SportsAdmin" name="@AfterTest AfterTest" time="-1.724929724263E9">
    <skipped/>
  </testcase> <!-- @AfterTest AfterTest -->
  <testcase classname="com.appiumdemo.SportsAdmin" name="login" time="0.0">
    <skipped/>
  </testcase> <!-- login -->
  <testcase classname="com.appiumdemo.SportsAdmin" name="freeCash" time="0.0">
    <skipped/>
  </testcase> <!-- freeCash -->
</testsuite> <!-- Test1 -->
