<?xml version="1.0" encoding="UTF-8"?>
<!-- Generated by org.testng.reporters.JUnitXMLReporter -->
<testsuite ignored="1" hostname="INLSW88V5A" failures="1" tests="4" name="BetPlacement" time="193.707" errors="0" timestamp="2024-08-29T10:41:46 IST">
  <testcase classname="com.appiumdemo.MGM_EQC" name="launchingApp" time="27.209"/>
  <testcase classname="com.appiumdemo.MGM_EQC" name="landingOnHomePage" time="17.736"/>
  <testcase classname="com.appiumdemo.MGM_EQC" name="playerLogin" time="14.9">
    <failure type="org.openqa.selenium.NoSuchElementException" message="An element could not be located on the page using the given search parameters.
For documentation on this error, please visit: https://www.selenium.dev/documentation/webdriver/troubleshooting/errors#no-such-element-exception
Build info: version: &amp;apos;4.13.0&amp;apos;, revision: &amp;apos;ba948ece5b*&amp;apos;
System info: os.name: &amp;apos;Windows 10&amp;apos;, os.arch: &amp;apos;amd64&amp;apos;, os.version: &amp;apos;10.0&amp;apos;, java.version: &amp;apos;17.0.6&amp;apos;
Driver info: io.appium.java_client.AppiumDriver
Command: [959fa780-7d91-47d1-adb4-ce18e6f5ac2d, findElement {using=xpath, value=//android.widget.TextView[@text=&amp;apos;Login Failed&amp;apos;]}]
Capabilities {appium:adbExecTimeout: 120000, appium:appActivity: crc644f7d12bf485f7576.Splas..., appium:appPackage: com.playmgmsports.nj.ent, appium:autoAcceptAlerts: true, appium:autoGrantPermissions: true, appium:automationName: uiautomator2, appium:chromeOptions: {args: []}, appium:chromedriverExecutableDir: /appium/assets/drivers/chro..., appium:chromedriverPorts: [[11001, 11049]], appium:databaseEnabled: false, appium:desired: {adbExecTimeout: 120000, appActivity: crc644f7d12bf485f7576.Splas..., appPackage: com.playmgmsports.nj.ent, autoAcceptAlerts: true, autoGrantPermissions: true, automationName: uiautomator2, chromeOptions: {args: []}, chromedriverExecutableDir: /appium/assets/drivers/chro..., chromedriverPorts: [[11001, 11049]], deviceName: OnePlus 11, headless: false, language: en, locale: en, mode: cloud, nativeWebScreenshot: true, newCommandTimeout: 0, orientation: PORTRAIT, platformName: android, platformVersion: 13, systemPort: 12165, udid: 71fa449d, uiautomator2ServerLaunchTimeout: 60000, waitForQuiescence: false}, appium:deviceApiLevel: 33, appium:deviceManufacturer: OnePlus, appium:deviceModel: CPH2447, appium:deviceName: 71fa449d, appium:deviceScreenDensity: 480, appium:deviceScreenSize: 1080x2412, appium:deviceUDID: 71fa449d, appium:headless: false, appium:javascriptEnabled: true, appium:language: en, appium:locale: en, appium:locationContextEnabled: false, appium:mode: cloud, appium:nativeWebScreenshot: true, appium:networkConnectionEnabled: true, appium:newCommandTimeout: 0, appium:orientation: PORTRAIT, appium:pixelRatio: 3, appium:platformVersion: 13, appium:statBarHeight: 96, appium:systemPort: 12165, appium:takesScreenshot: true, appium:udid: 71fa449d, appium:uiautomator2ServerLaunchTimeout: 60000, appium:viewportRect: {height: 2088, left: 0, top: 96, width: 1080}, appium:waitForQuiescence: false, appium:warnings: {}, appium:webStorageEnabled: false, platformName: ANDROID}
Session ID: 959fa780-7d91-47d1-adb4-ce18e6f5ac2d">
      <![CDATA[org.openqa.selenium.NoSuchElementException: An element could not be located on the page using the given search parameters.
For documentation on this error, please visit: https://www.selenium.dev/documentation/webdriver/troubleshooting/errors#no-such-element-exception
Build info: version: '4.13.0', revision: 'ba948ece5b*'
System info: os.name: 'Windows 10', os.arch: 'amd64', os.version: '10.0', java.version: '17.0.6'
Driver info: io.appium.java_client.AppiumDriver
Command: [959fa780-7d91-47d1-adb4-ce18e6f5ac2d, findElement {using=xpath, value=//android.widget.TextView[@text='Login Failed']}]
Capabilities {appium:adbExecTimeout: 120000, appium:appActivity: crc644f7d12bf485f7576.Splas..., appium:appPackage: com.playmgmsports.nj.ent, appium:autoAcceptAlerts: true, appium:autoGrantPermissions: true, appium:automationName: uiautomator2, appium:chromeOptions: {args: []}, appium:chromedriverExecutableDir: /appium/assets/drivers/chro..., appium:chromedriverPorts: [[11001, 11049]], appium:databaseEnabled: false, appium:desired: {adbExecTimeout: 120000, appActivity: crc644f7d12bf485f7576.Splas..., appPackage: com.playmgmsports.nj.ent, autoAcceptAlerts: true, autoGrantPermissions: true, automationName: uiautomator2, chromeOptions: {args: []}, chromedriverExecutableDir: /appium/assets/drivers/chro..., chromedriverPorts: [[11001, 11049]], deviceName: OnePlus 11, headless: false, language: en, locale: en, mode: cloud, nativeWebScreenshot: true, newCommandTimeout: 0, orientation: PORTRAIT, platformName: android, platformVersion: 13, systemPort: 12165, udid: 71fa449d, uiautomator2ServerLaunchTimeout: 60000, waitForQuiescence: false}, appium:deviceApiLevel: 33, appium:deviceManufacturer: OnePlus, appium:deviceModel: CPH2447, appium:deviceName: 71fa449d, appium:deviceScreenDensity: 480, appium:deviceScreenSize: 1080x2412, appium:deviceUDID: 71fa449d, appium:headless: false, appium:javascriptEnabled: true, appium:language: en, appium:locale: en, appium:locationContextEnabled: false, appium:mode: cloud, appium:nativeWebScreenshot: true, appium:networkConnectionEnabled: true, appium:newCommandTimeout: 0, appium:orientation: PORTRAIT, appium:pixelRatio: 3, appium:platformVersion: 13, appium:statBarHeight: 96, appium:systemPort: 12165, appium:takesScreenshot: true, appium:udid: 71fa449d, appium:uiautomator2ServerLaunchTimeout: 60000, appium:viewportRect: {height: 2088, left: 0, top: 96, width: 1080}, appium:waitForQuiescence: false, appium:warnings: {}, appium:webStorageEnabled: false, platformName: ANDROID}
Session ID: 959fa780-7d91-47d1-adb4-ce18e6f5ac2d
at org.openqa.selenium.remote.codec.w3c.W3CHttpResponseCodec.createException(W3CHttpResponseCodec.java:200)
at org.openqa.selenium.remote.codec.w3c.W3CHttpResponseCodec.decode(W3CHttpResponseCodec.java:133)
at org.openqa.selenium.remote.codec.w3c.W3CHttpResponseCodec.decode(W3CHttpResponseCodec.java:52)
at org.openqa.selenium.remote.HttpCommandExecutor.execute(HttpCommandExecutor.java:191)
at io.appium.java_client.remote.AppiumCommandExecutor.execute(AppiumCommandExecutor.java:250)
at org.openqa.selenium.remote.RemoteWebDriver.execute(RemoteWebDriver.java:602)
at org.openqa.selenium.remote.ElementLocation$ElementFinder$2.findElement(ElementLocation.java:165)
at org.openqa.selenium.remote.ElementLocation.findElement(ElementLocation.java:59)
at org.openqa.selenium.remote.RemoteWebDriver.findElement(RemoteWebDriver.java:359)
at org.openqa.selenium.remote.RemoteWebDriver.findElement(RemoteWebDriver.java:353)
at com.appiumdemo.MGM_EQC.playerLogin(MGM_EQC.java:210)
at java.base/java.util.ArrayList.forEach(ArrayList.java:1511)
... Removed 31 stack frames]]>
    </failure>
  </testcase> <!-- playerLogin -->
  <testcase classname="com.appiumdemo.MGM_EQC" name="logout" time="133.8"/>
  <testcase classname="com.appiumdemo.MGM_EQC" name="placingBet" time="0.0">
    <ignored/>
  </testcase> <!-- placingBet -->
</testsuite> <!-- BetPlacement -->
