<?xml version="1.0" encoding="UTF-8"?>
<!-- Generated by org.testng.reporters.JUnitXMLReporter -->
<testsuite ignored="0" hostname="INLSW88V5A" failures="0" tests="3" name="PlayerLogin" time="78.809" errors="0" timestamp="2023-06-12T16:26:35 IST">
  <testcase classname="com.appiumdemo.BetMGM_NV_QA_env" name="LaunchingApp" time="29.341"/>
  <testcase classname="com.appiumdemo.BetMGM_NV_QA_env" name="LandingOnHomePage" time="18.657"/>
  <testcase classname="com.appiumdemo.BetMGM_NV_QA_env" name="PlayerLogin" time="30.7"/>
</testsuite> <!-- PlayerLogin -->
